<?xml version="1.0" encoding="UTF-8"?>
<!-- Generated by org.testng.reporters.JUnitReportReporter -->
<testsuite skipped="0" hostname="DESKTOP-51FFI4L" name="com.TcsDevops.SeleniumProject.AppTest" tests="1" failures="0" timestamp="16 Jun 2019 11:28:52 GMT" time="0.001" errors="0">
  <testcase name="testApp" time="0.001" classname="com.TcsDevops.SeleniumProject.AppTest"/>
</testsuite> <!-- com.TcsDevops.SeleniumProject.AppTest -->
